ERROR:scraper_log:There was an error while submitting the form for options:
Year index: 0
Social Group index: 3
State index: 0
District index: 0
Table index: 7
Crop index: 17

ERROR:scraper_log:There was an error while submitting the form for options:
Year index: 0
Social Group index: 3
State index: 0
District index: 0
Table index: 7
Crop index: 18

ERROR:scraper_log:There was an error while submitting the form for options:
Year index: 0
Social Group index: 3
State index: 0
District index: 0
Table index: 7
Crop index: 31

ERROR:scraper_log:There was an error while submitting the form for options:
Year index: 0
Social Group index: 3
State index: 0
District index: 0
Table index: 7
Crop index: 32

ERROR:scraper_log:There was an error while submitting the form for options:
Year index: 0
Social Group index: 3
State index: 0
District index: 0
Table index: 7
Crop index: 33

ERROR:scraper_log:There was an error while submitting the form for options:
Year index: 0
Social Group index: 3
State index: 0
District index: 0
Table index: 7
Crop index: 34

ERROR:scraper_log:There was an error while submitting the form for options:
Year index: 0
Social Group index: 3
State index: 0
District index: 0
Table index: 7
Crop index: 35

ERROR:scraper_log:There was an error while submitting the form for options:
Year index: 0
Social Group index: 3
State index: 0
District index: 0
Table index: 7
Crop index: 36

ERROR:scraper_log:There was an error while submitting the form for options:
Year index: 0
Social Group index: 3
State index: 0
District index: 0
Table index: 7
Crop index: 37

ERROR:scraper_log:There was an error while submitting the form for options:
Year index: 0
Social Group index: 3
State index: 0
District index: 0
Table index: 7
Crop index: 38

ERROR:scraper_log:There was an error while submitting the form for options:
Year index: 0
Social Group index: 3
State index: 0
District index: 0
Table index: 7
Crop index: 39

ERROR:scraper_log:There was an error while submitting the form for options:
Year index: 0
Social Group index: 3
State index: 0
District index: 0
Table index: 7
Crop index: 40

ERROR:scraper_log:There was an error while submitting the form for options:
Year index: 0
Social Group index: 3
State index: 0
District index: 0
Table index: 7
Crop index: 41

ERROR:scraper_log:There was an error while submitting the form for options:
Year index: 0
Social Group index: 3
State index: 0
District index: 0
Table index: 7
Crop index: 42

ERROR:scraper_log:There was an error while submitting the form for options:
Year index: 0
Social Group index: 3
State index: 0
District index: 0
Table index: 7
Crop index: 43

ERROR:scraper_log:There was an error while submitting the form for options:
Year index: 0
Social Group index: 3
State index: 0
District index: 0
Table index: 7
Crop index: 44

ERROR:scraper_log:There was an error while submitting the form for options:
Year index: 0
Social Group index: 3
State index: 0
District index: 0
Table index: 7
Crop index: 45

ERROR:scraper_log:There was an error while submitting the form for options:
Year index: 0
Social Group index: 3
State index: 0
District index: 0
Table index: 7
Crop index: 46

ERROR:scraper_log:There was an error while submitting the form for options:
Year index: 0
Social Group index: 3
State index: 0
District index: 0
Table index: 7
Crop index: 47

ERROR:scraper_log:There was an error while submitting the form for options:
Year index: 0
Social Group index: 3
State index: 0
District index: 0
Table index: 7
Crop index: 48

ERROR:scraper_log:There was an error while submitting the form for options:
Year index: 0
Social Group index: 3
State index: 0
District index: 0
Table index: 7
Crop index: 49

ERROR:scraper_log:There was an error while submitting the form for options:
Year index: 0
Social Group index: 3
State index: 0
District index: 0
Table index: 7
Crop index: 50

ERROR:scraper_log:There was an error while submitting the form for options:
Year index: 0
Social Group index: 3
State index: 0
District index: 0
Table index: 7
Crop index: 51

ERROR:scraper_log:There was an error while submitting the form for options:
Year index: 0
Social Group index: 3
State index: 0
District index: 0
Table index: 7
Crop index: 52

ERROR:scraper_log:There was an error while submitting the form for options:
Year index: 0
Social Group index: 3
State index: 0
District index: 0
Table index: 7
Crop index: 53

ERROR:scraper_log:There was an error while submitting the form for options:
Year index: 0
Social Group index: 3
State index: 0
District index: 0
Table index: 7
Crop index: 54

ERROR:scraper_log:There was an error while submitting the form for options:
Year index: 0
Social Group index: 3
State index: 0
District index: 0
Table index: 7
Crop index: 55

ERROR:scraper_log:There was an error while submitting the form for options:
Year index: 0
Social Group index: 3
State index: 0
District index: 0
Table index: 7
Crop index: 56

ERROR:scraper_log:There was an error while submitting the form for options:
Year index: 0
Social Group index: 3
State index: 0
District index: 0
Table index: 7
Crop index: 57

ERROR:scraper_log:There was an error while submitting the form for options:
Year index: 0
Social Group index: 3
State index: 0
District index: 0
Table index: 7
Crop index: 58

ERROR:scraper_log:There was an error while submitting the form for options:
Year index: 0
Social Group index: 3
State index: 0
District index: 0
Table index: 7
Crop index: 59

ERROR:scraper_log:There was an error while submitting the form for options:
Year index: 0
Social Group index: 3
State index: 0
District index: 0
Table index: 7
Crop index: 60

ERROR:scraper_log:There was an error while submitting the form for options:
Year index: 0
Social Group index: 3
State index: 0
District index: 0
Table index: 7
Crop index: 61

ERROR:scraper_log:There was an error while submitting the form for options:
Year index: 0
Social Group index: 3
State index: 0
District index: 0
Table index: 7
Crop index: 62

ERROR:scraper_log:There was an error while submitting the form for options:
Year index: 0
Social Group index: 3
State index: 0
District index: 0
Table index: 7
Crop index: 63

ERROR:scraper_log:There was an error while submitting the form for options:
Year index: 0
Social Group index: 3
State index: 0
District index: 0
Table index: 7
Crop index: 64

ERROR:scraper_log:There was an error while submitting the form for options:
Year index: 0
Social Group index: 3
State index: 0
District index: 0
Table index: 7
Crop index: 65

ERROR:scraper_log:There was an error while submitting the form for options:
Year index: 0
Social Group index: 3
State index: 0
District index: 0
Table index: 7
Crop index: 66

ERROR:scraper_log:There was an error while submitting the form for options:
Year index: 0
Social Group index: 3
State index: 0
District index: 0
Table index: 7
Crop index: 67

ERROR:scraper_log:There was an error while submitting the form for options:
Year index: 0
Social Group index: 3
State index: 0
District index: 0
Table index: 7
Crop index: 68

ERROR:scraper_log:There was an error while submitting the form for options:
Year index: 0
Social Group index: 3
State index: 0
District index: 0
Table index: 7
Crop index: 69

ERROR:scraper_log:There was an error while submitting the form for options:
Year index: 0
Social Group index: 3
State index: 0
District index: 0
Table index: 7
Crop index: 70

ERROR:scraper_log:There was an error while submitting the form for options:
Year index: 0
Social Group index: 3
State index: 0
District index: 1
Table index: 7
Crop index: 15

ERROR:scraper_log:There was an error while submitting the form for options:
Year index: 0
Social Group index: 3
State index: 0
District index: 1
Table index: 7
Crop index: 43

ERROR:scraper_log:There was an error while submitting the form for options:
Year index: 0
Social Group index: 3
State index: 0
District index: 1
Table index: 7
Crop index: 44

ERROR:scraper_log:There was an error while submitting the form for options:
Year index: 0
Social Group index: 3
State index: 0
District index: 1
Table index: 7
Crop index: 45

ERROR:scraper_log:There was an error while submitting the form for options:
Year index: 0
Social Group index: 3
State index: 0
District index: 1
Table index: 7
Crop index: 46

ERROR:scraper_log:There was an error while submitting the form for options:
Year index: 0
Social Group index: 3
State index: 0
District index: 1
Table index: 7
Crop index: 47

ERROR:scraper_log:There was an error while submitting the form for options:
Year index: 0
Social Group index: 3
State index: 0
District index: 1
Table index: 7
Crop index: 48

ERROR:scraper_log:There was an error while submitting the form for options:
Year index: 0
Social Group index: 3
State index: 0
District index: 1
Table index: 7
Crop index: 49

ERROR:scraper_log:There was an error while submitting the form for options:
Year index: 0
Social Group index: 3
State index: 0
District index: 1
Table index: 7
Crop index: 50

ERROR:scraper_log:There was an error while submitting the form for options:
Year index: 0
Social Group index: 3
State index: 0
District index: 1
Table index: 7
Crop index: 51

ERROR:scraper_log:There was an error while submitting the form for options:
Year index: 0
Social Group index: 3
State index: 0
District index: 1
Table index: 7
Crop index: 52

ERROR:scraper_log:There was an error while submitting the form for options:
Year index: 0
Social Group index: 3
State index: 0
District index: 1
Table index: 7
Crop index: 53

ERROR:scraper_log:There was an error while submitting the form for options:
Year index: 0
Social Group index: 3
State index: 0
District index: 1
Table index: 7
Crop index: 54

ERROR:scraper_log:There was an error while submitting the form for options:
Year index: 0
Social Group index: 3
State index: 0
District index: 1
Table index: 7
Crop index: 55

ERROR:scraper_log:There was an error while submitting the form for options:
Year index: 0
Social Group index: 3
State index: 0
District index: 1
Table index: 7
Crop index: 56

ERROR:scraper_log:There was an error while submitting the form for options:
Year index: 0
Social Group index: 3
State index: 0
District index: 1
Table index: 7
Crop index: 57

ERROR:scraper_log:There was an error while submitting the form for options:
Year index: 0
Social Group index: 3
State index: 0
District index: 1
Table index: 7
Crop index: 58

ERROR:scraper_log:There was an error while submitting the form for options:
Year index: 0
Social Group index: 3
State index: 0
District index: 1
Table index: 7
Crop index: 59

ERROR:scraper_log:There was an error while submitting the form for options:
Year index: 0
Social Group index: 3
State index: 0
District index: 1
Table index: 7
Crop index: 60

ERROR:scraper_log:There was an error while submitting the form for options:
Year index: 0
Social Group index: 3
State index: 0
District index: 1
Table index: 7
Crop index: 61

ERROR:scraper_log:There was an error while submitting the form for options:
Year index: 0
Social Group index: 3
State index: 0
District index: 1
Table index: 7
Crop index: 62

ERROR:scraper_log:There was an error while submitting the form for options:
Year index: 0
Social Group index: 3
State index: 0
District index: 1
Table index: 7
Crop index: 63

ERROR:scraper_log:There was an error while submitting the form for options:
Year index: 0
Social Group index: 3
State index: 0
District index: 1
Table index: 7
Crop index: 64

ERROR:scraper_log:There was an error while submitting the form for options:
Year index: 0
Social Group index: 3
State index: 0
District index: 1
Table index: 7
Crop index: 65

ERROR:scraper_log:There was an error while submitting the form for options:
Year index: 0
Social Group index: 3
State index: 0
District index: 1
Table index: 7
Crop index: 66

ERROR:scraper_log:There was an error while submitting the form for options:
Year index: 0
Social Group index: 3
State index: 0
District index: 1
Table index: 7
Crop index: 67

ERROR:scraper_log:There was an error while submitting the form for options:
Year index: 0
Social Group index: 3
State index: 0
District index: 1
Table index: 7
Crop index: 68

ERROR:scraper_log:There was an error while submitting the form for options:
Year index: 0
Social Group index: 3
State index: 0
District index: 1
Table index: 7
Crop index: 69

ERROR:scraper_log:There was an error while submitting the form for options:
Year index: 0
Social Group index: 3
State index: 0
District index: 1
Table index: 7
Crop index: 70

ERROR:scraper_log:There was an error while submitting the form for options:
Year index: 0
Social Group index: 3
State index: 0
District index: 1
Table index: 7
Crop index: 71

ERROR:scraper_log:There was an error while submitting the form for options:
Year index: 0
Social Group index: 3
State index: 0
District index: 1
Table index: 7
Crop index: 72

ERROR:scraper_log:There was an error while submitting the form for options:
Year index: 0
Social Group index: 3
State index: 0
District index: 1
Table index: 7
Crop index: 73

ERROR:scraper_log:There was an error while submitting the form for options:
Year index: 0
Social Group index: 3
State index: 0
District index: 1
Table index: 7
Crop index: 74

ERROR:scraper_log:There was an error while submitting the form for options:
Year index: 0
Social Group index: 3
State index: 0
District index: 1
Table index: 7
Crop index: 75

ERROR:scraper_log:There was an error while submitting the form for options:
Year index: 0
Social Group index: 3
State index: 0
District index: 1
Table index: 7
Crop index: 76

ERROR:scraper_log:There was an error while submitting the form for options:
Year index: 0
Social Group index: 3
State index: 0
District index: 1
Table index: 7
Crop index: 77

ERROR:scraper_log:There was an error while submitting the form for options:
Year index: 0
Social Group index: 3
State index: 0
District index: 1
Table index: 7
Crop index: 78

ERROR:scraper_log:There was an error while submitting the form for options:
Year index: 0
Social Group index: 3
State index: 0
District index: 1
Table index: 7
Crop index: 79

ERROR:scraper_log:There was an error while submitting the form for options:
Year index: 0
Social Group index: 3
State index: 0
District index: 1
Table index: 7
Crop index: 80

ERROR:scraper_log:There was an error while submitting the form for options:
Year index: 0
Social Group index: 3
State index: 0
District index: 1
Table index: 7
Crop index: 81

ERROR:scraper_log:There was an error while submitting the form for options:
Year index: 0
Social Group index: 3
State index: 0
District index: 1
Table index: 7
Crop index: 82

ERROR:scraper_log:There was an error while submitting the form for options:
Year index: 0
Social Group index: 3
State index: 0
District index: 1
Table index: 7
Crop index: 83

ERROR:scraper_log:There was an error while submitting the form for options:
Year index: 0
Social Group index: 3
State index: 0
District index: 1
Table index: 7
Crop index: 84

ERROR:scraper_log:There was an error while submitting the form for options:
Year index: 0
Social Group index: 3
State index: 0
District index: 1
Table index: 7
Crop index: 85

ERROR:scraper_log:There was an error while submitting the form for options:
Year index: 0
Social Group index: 3
State index: 0
District index: 1
Table index: 7
Crop index: 86

ERROR:scraper_log:There was an error while submitting the form for options:
Year index: 0
Social Group index: 3
State index: 0
District index: 1
Table index: 7
Crop index: 87

ERROR:scraper_log:There was an error while submitting the form for options:
Year index: 0
Social Group index: 3
State index: 0
District index: 1
Table index: 7
Crop index: 88

ERROR:scraper_log:There was an error while submitting the form for options:
Year index: 0
Social Group index: 3
State index: 0
District index: 1
Table index: 7
Crop index: 89

ERROR:scraper_log:There was an error while submitting the form for options:
Year index: 0
Social Group index: 3
State index: 0
District index: 1
Table index: 7
Crop index: 90

ERROR:scraper_log:There was an error while submitting the form for options:
Year index: 0
Social Group index: 3
State index: 0
District index: 1
Table index: 7
Crop index: 91

ERROR:scraper_log:There was an error while submitting the form for options:
Year index: 0
Social Group index: 3
State index: 0
District index: 1
Table index: 7
Crop index: 92

ERROR:scraper_log:There was an error while submitting the form for options:
Year index: 0
Social Group index: 3
State index: 0
District index: 1
Table index: 7
Crop index: 93

ERROR:scraper_log:There was an error while submitting the form for options:
Year index: 0
Social Group index: 3
State index: 0
District index: 1
Table index: 7
Crop index: 94

ERROR:scraper_log:There was an error while submitting the form for options:
Year index: 0
Social Group index: 3
State index: 0
District index: 0
Table index: 7
Crop index: 15

ERROR:scraper_log:There was an error while submitting the form for options:
Year index: 0
Social Group index: 3
State index: 0
District index: 0
Table index: 7
Crop index: 92

